<?xml version="1.0" encoding="UTF-8"?>
<!-- Generated by org.testng.reporters.JUnitReportReporter -->
<testsuite skipped="0" hostname="IDCQEGP006" name="test.test2.test3.NewTest" tests="1" failures="0" timestamp="11 Apr 2018 10:38:40 GMT" time="0.265" errors="0">
  <testcase name="f" time="0.265" classname="test.test2.test3.NewTest"/>
</testsuite> <!-- test.test2.test3.NewTest -->
